Arguments: 
  C:\Program Files\nodejs\node.exe C:\Program Files (x86)\Yarn\bin\yarn.js add jquery popper.js --dev

PATH: 
  "C:\WINDOWS\System32\WindowsPowerShell\v1.0\;C:\wamp64\www\sonata-project";C:\Program Files (x86)\Common Files\Oracle\Java\javapath;C:\WINDOWS\system32;C:\WINDOWS;C:\WINDOWS\System32\Wbem;C:\Program Files (x86)\Intel\OpenCL SDK\2.0\bin\x86;C:\Program Files (x86)\Intel\OpenCL SDK\2.0\bin\x64;C:\WINDOWS\System32\OpenSSH\;C:\Android;C:\Windows\System32;C:\Program Files\Microsoft SQL Server\120\Tools\Binn\;C:\Program Files\Microsoft SQL Server\130\Tools\Binn\;C:\Program Files (x86)\Rational\common;C:\Users\nabil\AppData\Local\Programs\Python\Python37-32\Scripts\;C:\Users\nabil\AppData\Local\Programs\Python\Python37-32\;C:\Users\nabil\AppData\Local\Microsoft\WindowsApps;C:\Program Files (x86)\Dev-Cpp\MinGW64\bin;C:\Program Files (x86)\GnuWin32\bin;C:\Program Files\JetBrains\PyCharm Community Edition 2019.1.3\bin;C:\adb;C:\xampp\xamp\php;C:\ProgramData\ComposerSetup\bin;C:\Program Files\Git\cmd;C:\Program Files\Git\mingw64\bin;C:\Program Files\Git\usr\bin;C:\Program Files\nodejs\;C:\Program Files (x86)\Yarn\bin\;C:\wamp64\www\sonata-project\bin;C:\wamp64\www\sonata-project;;C:\Program Files\Symfony;C:\WINDOWS\system32;C:\WINDOWS;C:\WINDOWS\System32\Wbem;C:\WINDOWS\System32\WindowsPowerShell\v1.0\;C:\WINDOWS\System32\OpenSSH\;"C:\Users\nabil\AppData\Local\Programs\Python\Python37-32\Scripts\;C:\xampp\php;";C:\Users\nabil\AppData\Local\Programs\Python\Python37-32\;C:\Users\nabil\AppData\Local\Microsoft\WindowsApps;C:\Program Files (x86)\Dev-Cpp\MinGW64\bin;C:\Program Files (x86)\GnuWin32\bin;C:\Program Files\JetBrains\PyCharm Community Edition 2019.1.3\bin;;C:\Users\nabil\AppData\Roaming\Composer\vendor\bin;C:\Users\nabil\AppData\Roaming\npm;C:\Users\nabil\AppData\Local\Yarn\bin;C:\WINDOWS\System32\WindowsPowerShell\v1.0;C:\wamp64\bin\php\php7.3.5;C:\wamp64\bin\apache\apache2.4.39\bin;C:\wamp64\www\sonata-project;

Yarn version: 
  1.19.1

Node version: 
  12.11.1

Platform: 
  win32 x64

Trace: 
  Error: getaddrinfo ENOTFOUND registry.yarnpkg.com
      at GetAddrInfoReqWrap.onlookup [as oncomplete] (dns.js:60:26)

npm manifest: 
  {
    "devDependencies": {
      "bootstrap": "^4.4.1"
    }
  }

yarn manifest: 
  No manifest

Lockfile: 
  # THIS IS AN AUTOGENERATED FILE. DO NOT EDIT THIS FILE DIRECTLY.
  # yarn lockfile v1
  
  
  bootstrap@^4.4.1:
    version "4.4.1"
    resolved "https://registry.yarnpkg.com/bootstrap/-/bootstrap-4.4.1.tgz#8582960eea0c5cd2bede84d8b0baf3789c3e8b01"
    integrity sha512-tbx5cHubwE6e2ZG7nqM3g/FZ5PQEDMWmMGNrCUBVRPHXTJaH7CBDdsLeu3eCh3B1tzAxTnAbtmrzvWEvT2NNEA==
